2020-07-10 12:24:39.487 INFO  (main) [   ] o.e.j.u.log Logging initialized @1442ms to org.eclipse.jetty.util.log.Slf4jLog
2020-07-10 12:24:39.745 INFO  (main) [   ] o.e.j.s.Server jetty-9.4.24.v20191120; built: 2019-11-20T21:37:49.771Z; git: 363d5f2df3a8a28de40604320230664b9c793c16; jvm 11.0.7+10
2020-07-10 12:24:39.806 INFO  (main) [   ] o.e.j.d.p.ScanningAppProvider Deployment monitor [file:///opt/solr-8.5.2/server/contexts/] at interval 0
2020-07-10 12:24:40.195 INFO  (main) [   ] o.e.j.w.StandardDescriptorProcessor NO JSP Support for /solr, did not find org.apache.jasper.servlet.JspServlet
2020-07-10 12:24:40.207 INFO  (main) [   ] o.e.j.s.session DefaultSessionIdManager workerName=node0
2020-07-10 12:24:40.208 INFO  (main) [   ] o.e.j.s.session No SessionScavenger set, using defaults
2020-07-10 12:24:40.212 INFO  (main) [   ] o.e.j.s.session node0 Scavenging every 600000ms
2020-07-10 12:24:40.314 INFO  (main) [   ] o.a.s.s.SolrDispatchFilter Using logger factory org.apache.logging.slf4j.Log4jLoggerFactory
2020-07-10 12:24:40.320 INFO  (main) [   ] o.a.s.s.SolrDispatchFilter  ___      _       Welcome to Apache Solr™ version 8.5.2
2020-07-10 12:24:40.320 INFO  (main) [   ] o.a.s.s.SolrDispatchFilter / __| ___| |_ _   Starting in standalone mode on port 8983
2020-07-10 12:24:40.321 INFO  (main) [   ] o.a.s.s.SolrDispatchFilter \__ \/ _ \ | '_|  Install dir: /opt/solr
2020-07-10 12:24:40.321 INFO  (main) [   ] o.a.s.s.SolrDispatchFilter |___/\___/_|_|    Start time: 2020-07-10T12:24:40.321380Z
2020-07-10 12:24:40.389 INFO  (main) [   ] o.a.s.c.SolrResourceLoader Using system property solr.solr.home: /var/solr/data
2020-07-10 12:24:40.397 INFO  (main) [   ] o.a.s.c.SolrXmlConfig Loading container configuration from /var/solr/data/solr.xml
2020-07-10 12:24:40.507 INFO  (main) [   ] o.a.s.c.SolrXmlConfig MBean server found: com.sun.jmx.mbeanserver.JmxMBeanServer@282cb7c7, but no JMX reporters were configured - adding default JMX reporter.
2020-07-10 12:24:41.181 INFO  (main) [   ] o.a.s.h.c.HttpShardHandlerFactory Host whitelist initialized: WhitelistHostChecker [whitelistHosts=null, whitelistHostCheckingEnabled=true]
2020-07-10 12:24:41.472 WARN  (main) [   ] o.e.j.u.s.S.config Trusting all certificates configured for Client@5853495b[provider=null,keyStore=null,trustStore=null]
2020-07-10 12:24:41.473 WARN  (main) [   ] o.e.j.u.s.S.config No Client EndPointIdentificationAlgorithm configured for Client@5853495b[provider=null,keyStore=null,trustStore=null]
2020-07-10 12:24:41.735 WARN  (main) [   ] o.e.j.u.s.S.config Trusting all certificates configured for Client@6edcad64[provider=null,keyStore=null,trustStore=null]
2020-07-10 12:24:41.735 WARN  (main) [   ] o.e.j.u.s.S.config No Client EndPointIdentificationAlgorithm configured for Client@6edcad64[provider=null,keyStore=null,trustStore=null]
2020-07-10 12:24:41.758 WARN  (main) [   ] o.a.s.c.CoreContainer Not all security plugins configured!  authentication=disabled authorization=disabled.  Solr is only as secure as you make it. Consider configuring authentication/authorization before exposing Solr to users internal or external.  See https://s.apache.org/solrsecurity for more info
2020-07-10 12:24:42.015 INFO  (main) [   ] o.a.s.c.TransientSolrCoreCacheDefault Allocating transient cache for 2147483647 transient cores
2020-07-10 12:24:42.018 INFO  (main) [   ] o.a.s.h.a.MetricsHistoryHandler No .system collection, keeping metrics history in memory.
2020-07-10 12:24:42.133 INFO  (main) [   ] o.a.s.m.r.SolrJmxReporter JMX monitoring for 'solr.node' (registry 'solr.node') enabled at server: com.sun.jmx.mbeanserver.JmxMBeanServer@282cb7c7
2020-07-10 12:24:42.134 INFO  (main) [   ] o.a.s.m.r.SolrJmxReporter JMX monitoring for 'solr.jvm' (registry 'solr.jvm') enabled at server: com.sun.jmx.mbeanserver.JmxMBeanServer@282cb7c7
2020-07-10 12:24:42.143 INFO  (main) [   ] o.a.s.m.r.SolrJmxReporter JMX monitoring for 'solr.jetty' (registry 'solr.jetty') enabled at server: com.sun.jmx.mbeanserver.JmxMBeanServer@282cb7c7
2020-07-10 12:24:42.184 INFO  (main) [   ] o.a.s.c.CorePropertiesLocator Found 2 core definitions underneath /var/solr/data
2020-07-10 12:24:42.185 INFO  (main) [   ] o.a.s.c.CorePropertiesLocator Cores are: [spotlight, blacklight-core]
2020-07-10 12:24:42.290 INFO  (coreLoadExecutor-9-thread-2) [   x:blacklight-core] o.a.s.c.SolrResourceLoader [blacklight-core] Added 11 libs to classloader, from paths: [/opt/solr/contrib/analysis-extras/lib, /opt/solr/contrib/analysis-extras/lucene-libs]
2020-07-10 12:24:42.303 INFO  (coreLoadExecutor-9-thread-1) [   x:spotlight] o.a.s.c.SolrConfig Using Lucene MatchVersion: 8.5.2
2020-07-10 12:24:42.334 INFO  (main) [   ] o.e.j.s.h.ContextHandler Started o.e.j.w.WebAppContext@10b892d5{/solr,file:///opt/solr-8.5.2/server/solr-webapp/webapp/,AVAILABLE}{/opt/solr-8.5.2/server/solr-webapp/webapp}
2020-07-10 12:24:42.364 INFO  (main) [   ] o.e.j.s.AbstractConnector Started ServerConnector@31e75d13{HTTP/1.1,[http/1.1, h2c]}{0.0.0.0:8983}
2020-07-10 12:24:42.372 INFO  (main) [   ] o.e.j.s.Server Started @4331ms
2020-07-10 12:24:42.624 INFO  (coreLoadExecutor-9-thread-1) [   x:spotlight] o.a.s.s.IndexSchema [spotlight] Schema name=default-config
2020-07-10 12:24:42.840 INFO  (coreLoadExecutor-9-thread-2) [   x:blacklight-core] o.a.s.c.SolrConfig Using Lucene MatchVersion: 6.1.0
2020-07-10 12:24:42.918 INFO  (coreLoadExecutor-9-thread-2) [   x:blacklight-core] o.a.s.s.IndexSchema [blacklight-core] Schema name=Hydra
2020-07-10 12:24:42.925 WARN  (coreLoadExecutor-9-thread-2) [   x:blacklight-core] o.a.s.s.FieldTypePluginLoader TokenizerFactory is using deprecated 6.1.0 emulation. You should at some point declare and reindex to at least 7.0, because 6.x emulation is deprecated and will be removed in 8.0
2020-07-10 12:24:42.925 WARN  (coreLoadExecutor-9-thread-2) [   x:blacklight-core] o.a.s.s.FieldTypePluginLoader TokenFilterFactory is using deprecated 6.1.0 emulation. You should at some point declare and reindex to at least 7.0, because 6.x emulation is deprecated and will be removed in 8.0
2020-07-10 12:24:43.068 WARN  (coreLoadExecutor-9-thread-2) [   x:blacklight-core] o.a.s.s.FieldTypePluginLoader TokenFilterFactory is using deprecated 6.1.0 emulation. You should at some point declare and reindex to at least 7.0, because 6.x emulation is deprecated and will be removed in 8.0
2020-07-10 12:24:43.070 WARN  (coreLoadExecutor-9-thread-2) [   x:blacklight-core] o.a.s.s.FieldTypePluginLoader TokenizerFactory is using deprecated 6.1.0 emulation. You should at some point declare and reindex to at least 7.0, because 6.x emulation is deprecated and will be removed in 8.0
2020-07-10 12:24:43.072 WARN  (coreLoadExecutor-9-thread-2) [   x:blacklight-core] o.a.s.s.FieldTypePluginLoader TokenizerFactory is using deprecated 6.1.0 emulation. You should at some point declare and reindex to at least 7.0, because 6.x emulation is deprecated and will be removed in 8.0
2020-07-10 12:24:43.106 WARN  (coreLoadExecutor-9-thread-2) [   x:blacklight-core] o.a.s.s.FieldTypePluginLoader TokenizerFactory is using deprecated 6.1.0 emulation. You should at some point declare and reindex to at least 7.0, because 6.x emulation is deprecated and will be removed in 8.0
2020-07-10 12:24:43.110 WARN  (coreLoadExecutor-9-thread-2) [   x:blacklight-core] o.a.s.s.FieldTypePluginLoader TokenizerFactory is using deprecated 6.1.0 emulation. You should at some point declare and reindex to at least 7.0, because 6.x emulation is deprecated and will be removed in 8.0
2020-07-10 12:24:43.128 WARN  (coreLoadExecutor-9-thread-2) [   x:blacklight-core] o.a.s.s.FieldTypePluginLoader TokenizerFactory is using deprecated 6.1.0 emulation. You should at some point declare and reindex to at least 7.0, because 6.x emulation is deprecated and will be removed in 8.0
2020-07-10 12:24:43.145 WARN  (coreLoadExecutor-9-thread-2) [   x:blacklight-core] o.a.s.s.FieldTypePluginLoader TokenizerFactory is using deprecated 6.1.0 emulation. You should at some point declare and reindex to at least 7.0, because 6.x emulation is deprecated and will be removed in 8.0
2020-07-10 12:24:43.147 WARN  (coreLoadExecutor-9-thread-2) [   x:blacklight-core] o.a.s.s.FieldTypePluginLoader TokenFilterFactory is using deprecated 6.1.0 emulation. You should at some point declare and reindex to at least 7.0, because 6.x emulation is deprecated and will be removed in 8.0
2020-07-10 12:24:43.148 WARN  (coreLoadExecutor-9-thread-2) [   x:blacklight-core] o.a.s.s.FieldTypePluginLoader TokenFilterFactory is using deprecated 6.1.0 emulation. You should at some point declare and reindex to at least 7.0, because 6.x emulation is deprecated and will be removed in 8.0
2020-07-10 12:24:43.153 WARN  (coreLoadExecutor-9-thread-2) [   x:blacklight-core] o.a.s.s.FieldTypePluginLoader TokenizerFactory is using deprecated 6.1.0 emulation. You should at some point declare and reindex to at least 7.0, because 6.x emulation is deprecated and will be removed in 8.0
2020-07-10 12:24:43.154 WARN  (coreLoadExecutor-9-thread-2) [   x:blacklight-core] o.a.s.s.FieldTypePluginLoader TokenFilterFactory is using deprecated 6.1.0 emulation. You should at some point declare and reindex to at least 7.0, because 6.x emulation is deprecated and will be removed in 8.0
2020-07-10 12:24:43.156 WARN  (coreLoadExecutor-9-thread-2) [   x:blacklight-core] o.a.s.s.FieldTypePluginLoader TokenFilterFactory is using deprecated 6.1.0 emulation. You should at some point declare and reindex to at least 7.0, because 6.x emulation is deprecated and will be removed in 8.0
2020-07-10 12:24:43.158 WARN  (coreLoadExecutor-9-thread-2) [   x:blacklight-core] o.a.s.s.FieldTypePluginLoader TokenFilterFactory is using deprecated 6.1.0 emulation. You should at some point declare and reindex to at least 7.0, because 6.x emulation is deprecated and will be removed in 8.0
2020-07-10 12:24:43.169 WARN  (coreLoadExecutor-9-thread-2) [   x:blacklight-core] o.a.s.s.FieldTypePluginLoader TokenizerFactory is using deprecated 6.1.0 emulation. You should at some point declare and reindex to at least 7.0, because 6.x emulation is deprecated and will be removed in 8.0
2020-07-10 12:24:43.170 WARN  (coreLoadExecutor-9-thread-2) [   x:blacklight-core] o.a.s.s.FieldTypePluginLoader TokenFilterFactory is using deprecated 6.1.0 emulation. You should at some point declare and reindex to at least 7.0, because 6.x emulation is deprecated and will be removed in 8.0
2020-07-10 12:24:43.171 WARN  (coreLoadExecutor-9-thread-2) [   x:blacklight-core] o.a.s.s.FieldTypePluginLoader TokenFilterFactory is using deprecated 6.1.0 emulation. You should at some point declare and reindex to at least 7.0, because 6.x emulation is deprecated and will be removed in 8.0
2020-07-10 12:24:43.176 WARN  (coreLoadExecutor-9-thread-2) [   x:blacklight-core] o.a.s.s.FieldTypePluginLoader TokenizerFactory is using deprecated 6.1.0 emulation. You should at some point declare and reindex to at least 7.0, because 6.x emulation is deprecated and will be removed in 8.0
2020-07-10 12:24:43.177 WARN  (coreLoadExecutor-9-thread-2) [   x:blacklight-core] o.a.s.s.FieldTypePluginLoader TokenFilterFactory is using deprecated 6.1.0 emulation. You should at some point declare and reindex to at least 7.0, because 6.x emulation is deprecated and will be removed in 8.0
2020-07-10 12:24:43.179 WARN  (coreLoadExecutor-9-thread-2) [   x:blacklight-core] o.a.s.s.FieldTypePluginLoader TokenFilterFactory is using deprecated 6.1.0 emulation. You should at some point declare and reindex to at least 7.0, because 6.x emulation is deprecated and will be removed in 8.0
2020-07-10 12:24:43.180 WARN  (coreLoadExecutor-9-thread-2) [   x:blacklight-core] o.a.s.s.FieldTypePluginLoader TokenFilterFactory is using deprecated 6.1.0 emulation. You should at some point declare and reindex to at least 7.0, because 6.x emulation is deprecated and will be removed in 8.0
2020-07-10 12:24:43.181 WARN  (coreLoadExecutor-9-thread-2) [   x:blacklight-core] o.a.s.s.FieldTypePluginLoader TokenFilterFactory is using deprecated 6.1.0 emulation. You should at some point declare and reindex to at least 7.0, because 6.x emulation is deprecated and will be removed in 8.0
2020-07-10 12:24:43.186 WARN  (coreLoadExecutor-9-thread-2) [   x:blacklight-core] o.a.s.s.FieldTypePluginLoader TokenizerFactory is using deprecated 6.1.0 emulation. You should at some point declare and reindex to at least 7.0, because 6.x emulation is deprecated and will be removed in 8.0
2020-07-10 12:24:43.187 WARN  (coreLoadExecutor-9-thread-2) [   x:blacklight-core] o.a.s.s.FieldTypePluginLoader TokenFilterFactory is using deprecated 6.1.0 emulation. You should at some point declare and reindex to at least 7.0, because 6.x emulation is deprecated and will be removed in 8.0
2020-07-10 12:24:43.187 WARN  (coreLoadExecutor-9-thread-2) [   x:blacklight-core] o.a.s.s.FieldTypePluginLoader TokenFilterFactory is using deprecated 6.1.0 emulation. You should at some point declare and reindex to at least 7.0, because 6.x emulation is deprecated and will be removed in 8.0
2020-07-10 12:24:43.188 WARN  (coreLoadExecutor-9-thread-2) [   x:blacklight-core] o.a.s.s.FieldTypePluginLoader TokenFilterFactory is using deprecated 6.1.0 emulation. You should at some point declare and reindex to at least 7.0, because 6.x emulation is deprecated and will be removed in 8.0
2020-07-10 12:24:43.189 WARN  (coreLoadExecutor-9-thread-2) [   x:blacklight-core] o.a.s.s.FieldTypePluginLoader TokenFilterFactory is using deprecated 6.1.0 emulation. You should at some point declare and reindex to at least 7.0, because 6.x emulation is deprecated and will be removed in 8.0
2020-07-10 12:24:43.189 WARN  (coreLoadExecutor-9-thread-2) [   x:blacklight-core] o.a.s.s.FieldTypePluginLoader TokenFilterFactory is using deprecated 6.1.0 emulation. You should at some point declare and reindex to at least 7.0, because 6.x emulation is deprecated and will be removed in 8.0
2020-07-10 12:24:43.199 WARN  (coreLoadExecutor-9-thread-2) [   x:blacklight-core] o.a.s.s.FieldTypePluginLoader TokenizerFactory is using deprecated 6.1.0 emulation. You should at some point declare and reindex to at least 7.0, because 6.x emulation is deprecated and will be removed in 8.0
2020-07-10 12:24:43.199 WARN  (coreLoadExecutor-9-thread-2) [   x:blacklight-core] o.a.s.s.FieldTypePluginLoader TokenFilterFactory is using deprecated 6.1.0 emulation. You should at some point declare and reindex to at least 7.0, because 6.x emulation is deprecated and will be removed in 8.0
2020-07-10 12:24:43.508 INFO  (coreLoadExecutor-9-thread-2) [   x:blacklight-core] o.a.s.s.IndexSchema Loaded schema Hydra/1.5 with uniqueid field id
2020-07-10 12:24:43.510 INFO  (coreLoadExecutor-9-thread-2) [   x:blacklight-core] o.a.s.c.CoreContainer Creating SolrCore 'blacklight-core' using configuration from instancedir /var/solr/data/blacklight-core, trusted=true
2020-07-10 12:24:43.552 INFO  (coreLoadExecutor-9-thread-2) [   x:blacklight-core] o.a.s.m.r.SolrJmxReporter JMX monitoring for 'solr.core.blacklight-core' (registry 'solr.core.blacklight-core') enabled at server: com.sun.jmx.mbeanserver.JmxMBeanServer@282cb7c7
2020-07-10 12:24:43.579 INFO  (coreLoadExecutor-9-thread-2) [   x:blacklight-core] o.a.s.c.SolrCore [[blacklight-core] ] Opening new SolrCore at [/var/solr/data/blacklight-core], dataDir=[/var/solr/data/blacklight-core/data/]
2020-07-10 12:24:43.753 INFO  (coreLoadExecutor-9-thread-1) [   x:spotlight] o.a.s.s.IndexSchema Loaded schema default-config/1.6 with uniqueid field id
2020-07-10 12:24:43.826 INFO  (coreLoadExecutor-9-thread-1) [   x:spotlight] o.a.s.c.CoreContainer Creating SolrCore 'spotlight' using configuration from instancedir /var/solr/data/spotlight, trusted=true
2020-07-10 12:24:43.827 INFO  (coreLoadExecutor-9-thread-1) [   x:spotlight] o.a.s.m.r.SolrJmxReporter JMX monitoring for 'solr.core.spotlight' (registry 'solr.core.spotlight') enabled at server: com.sun.jmx.mbeanserver.JmxMBeanServer@282cb7c7
2020-07-10 12:24:43.832 INFO  (coreLoadExecutor-9-thread-1) [   x:spotlight] o.a.s.c.SolrCore [[spotlight] ] Opening new SolrCore at [/var/solr/data/spotlight], dataDir=[/var/solr/data/spotlight/data/]
2020-07-10 12:24:44.439 INFO  (coreLoadExecutor-9-thread-1) [   x:spotlight] o.a.s.u.UpdateHandler Using UpdateLog implementation: org.apache.solr.update.UpdateLog
2020-07-10 12:24:44.439 INFO  (coreLoadExecutor-9-thread-2) [   x:blacklight-core] o.a.s.u.UpdateHandler Using UpdateLog implementation: org.apache.solr.update.UpdateLog
2020-07-10 12:24:44.439 INFO  (coreLoadExecutor-9-thread-2) [   x:blacklight-core] o.a.s.u.UpdateLog Initializing UpdateLog: dataDir= defaultSyncLevel=FLUSH numRecordsToKeep=100 maxNumLogsToKeep=10 numVersionBuckets=65536
2020-07-10 12:24:44.439 INFO  (coreLoadExecutor-9-thread-1) [   x:spotlight] o.a.s.u.UpdateLog Initializing UpdateLog: dataDir= defaultSyncLevel=FLUSH numRecordsToKeep=100 maxNumLogsToKeep=10 numVersionBuckets=65536
2020-07-10 12:24:44.459 INFO  (coreLoadExecutor-9-thread-1) [   x:spotlight] o.a.s.u.CommitTracker Hard AutoCommit: if uncommitted for 15000ms; 
2020-07-10 12:24:44.460 INFO  (coreLoadExecutor-9-thread-1) [   x:spotlight] o.a.s.u.CommitTracker Soft AutoCommit: disabled
2020-07-10 12:24:44.496 INFO  (coreLoadExecutor-9-thread-2) [   x:blacklight-core] o.a.s.u.CommitTracker Hard AutoCommit: disabled
2020-07-10 12:24:44.501 INFO  (coreLoadExecutor-9-thread-2) [   x:blacklight-core] o.a.s.u.CommitTracker Soft AutoCommit: disabled
2020-07-10 12:24:44.574 INFO  (coreLoadExecutor-9-thread-1) [   x:spotlight] o.a.s.s.SolrIndexSearcher Opening [Searcher@3a3e044c[spotlight] main]
2020-07-10 12:24:44.608 INFO  (coreLoadExecutor-9-thread-1) [   x:spotlight] o.a.s.r.ManagedResourceStorage File-based storage initialized to use dir: /var/solr/data/spotlight/conf
2020-07-10 12:24:44.652 INFO  (coreLoadExecutor-9-thread-1) [   x:spotlight] o.a.s.h.c.SpellCheckComponent Initializing spell checkers
2020-07-10 12:24:44.663 INFO  (coreLoadExecutor-9-thread-1) [   x:spotlight] o.a.s.s.DirectSolrSpellChecker init: {name=default,field=_text_,classname=solr.DirectSolrSpellChecker,distanceMeasure=internal,accuracy=0.5,maxEdits=2,minPrefix=1,maxInspections=5,minQueryLength=4,maxQueryFrequency=0.01}
2020-07-10 12:24:44.688 INFO  (coreLoadExecutor-9-thread-1) [   x:spotlight] o.a.s.h.ReplicationHandler Commits will be reserved for 10000ms.
2020-07-10 12:24:44.702 INFO  (coreLoadExecutor-9-thread-2) [   x:blacklight-core] o.a.s.s.SolrIndexSearcher Opening [Searcher@5ee3ab31[blacklight-core] main]
2020-07-10 12:24:44.702 INFO  (coreLoadExecutor-9-thread-2) [   x:blacklight-core] o.a.s.r.ManagedResourceStorage File-based storage initialized to use dir: /var/solr/data/blacklight-core/conf
2020-07-10 12:24:44.703 INFO  (coreLoadExecutor-9-thread-2) [   x:blacklight-core] o.a.s.h.c.SpellCheckComponent Initializing spell checkers
2020-07-10 12:24:44.707 INFO  (coreLoadExecutor-9-thread-1) [   x:spotlight] o.a.s.u.UpdateLog Could not find max version in index or recent updates, using new clock 1671832676290527232
2020-07-10 12:24:44.720 INFO  (coreLoadExecutor-9-thread-2) [   x:blacklight-core] o.a.s.h.c.SpellCheckComponent Registering newSearcher listener for spellchecker: default
2020-07-10 12:24:44.721 INFO  (coreLoadExecutor-9-thread-2) [   x:blacklight-core] o.a.s.h.c.SpellCheckComponent Registering newSearcher listener for spellchecker: author
2020-07-10 12:24:44.722 INFO  (coreLoadExecutor-9-thread-2) [   x:blacklight-core] o.a.s.h.c.SpellCheckComponent Registering newSearcher listener for spellchecker: subject
2020-07-10 12:24:44.722 INFO  (coreLoadExecutor-9-thread-2) [   x:blacklight-core] o.a.s.h.c.SpellCheckComponent Registering newSearcher listener for spellchecker: title
2020-07-10 12:24:44.723 INFO  (coreLoadExecutor-9-thread-2) [   x:blacklight-core] o.a.s.h.c.SuggestComponent Initializing SuggestComponent
2020-07-10 12:24:44.728 INFO  (coreLoadExecutor-9-thread-2) [   x:blacklight-core] o.a.s.s.s.SolrSuggester init: {name=mySuggester,lookupImpl=FuzzyLookupFactory,suggestAnalyzerFieldType=textSuggest,buildOnCommit=true,field=suggest}
2020-07-10 12:24:44.737 INFO  (searcherExecutor-11-thread-1-processing-x:spotlight) [   x:spotlight] o.a.s.c.QuerySenderListener QuerySenderListener sending requests to Searcher@3a3e044c[spotlight] main{ExitableDirectoryReader(UninvertingDirectoryReader())}
2020-07-10 12:24:44.737 INFO  (searcherExecutor-11-thread-1-processing-x:spotlight) [   x:spotlight] o.a.s.c.QuerySenderListener QuerySenderListener done.
2020-07-10 12:24:44.737 INFO  (searcherExecutor-11-thread-1-processing-x:spotlight) [   x:spotlight] o.a.s.h.c.SpellCheckComponent Loading spell index for spellchecker: default
2020-07-10 12:24:44.748 INFO  (coreLoadExecutor-9-thread-2) [   x:blacklight-core] o.a.s.s.s.SolrSuggester No dictionaryImpl parameter was provided falling back to org.apache.solr.spelling.suggest.HighFrequencyDictionaryFactory
2020-07-10 12:24:44.748 INFO  (coreLoadExecutor-9-thread-2) [   x:blacklight-core] o.a.s.s.s.SolrSuggester Dictionary loaded with params: {name=mySuggester,lookupImpl=FuzzyLookupFactory,suggestAnalyzerFieldType=textSuggest,buildOnCommit=true,field=suggest}
2020-07-10 12:24:44.749 INFO  (coreLoadExecutor-9-thread-2) [   x:blacklight-core] o.a.s.h.c.SuggestComponent Registering searcher listener for suggester: mySuggester - SuggesterListener [core=org.apache.solr.core.SolrCore@667fa4e6, suggester=SolrSuggester [ name=mySuggester, sourceLocation=null, storeDir=, lookupImpl=FuzzyLookupFactory, dictionaryImpl=org.apache.solr.spelling.suggest.HighFrequencyDictionaryFactory, sizeInBytes=0 ], buildOnCommit=true, buildOnOptimize=false, buildOnStartup=true, isCoreReload=false]
2020-07-10 12:24:44.753 INFO  (searcherExecutor-11-thread-1-processing-x:spotlight) [   x:spotlight] o.a.s.c.SolrCore [spotlight] Registered new searcher Searcher@3a3e044c[spotlight] main{ExitableDirectoryReader(UninvertingDirectoryReader())}
2020-07-10 12:24:44.762 INFO  (searcherExecutor-10-thread-1-processing-x:blacklight-core) [   x:blacklight-core] o.a.s.h.c.SpellCheckComponent Loading spell index for spellchecker: default
2020-07-10 12:24:44.774 INFO  (searcherExecutor-10-thread-1-processing-x:blacklight-core) [   x:blacklight-core] o.a.s.h.c.SpellCheckComponent Loading spell index for spellchecker: author
2020-07-10 12:24:44.775 INFO  (searcherExecutor-10-thread-1-processing-x:blacklight-core) [   x:blacklight-core] o.a.s.h.c.SpellCheckComponent Loading spell index for spellchecker: subject
2020-07-10 12:24:44.776 INFO  (searcherExecutor-10-thread-1-processing-x:blacklight-core) [   x:blacklight-core] o.a.s.h.c.SpellCheckComponent Loading spell index for spellchecker: title
2020-07-10 12:24:44.778 INFO  (searcherExecutor-10-thread-1-processing-x:blacklight-core) [   x:blacklight-core] o.a.s.h.c.SuggestComponent buildOnStartup: mySuggester
2020-07-10 12:24:44.778 INFO  (searcherExecutor-10-thread-1-processing-x:blacklight-core) [   x:blacklight-core] o.a.s.s.s.SolrSuggester SolrSuggester.build(mySuggester)
2020-07-10 12:24:44.849 ERROR (searcherExecutor-10-thread-1-processing-x:blacklight-core) [   x:blacklight-core] o.a.s.c.SolrCore null:java.lang.StackOverflowError
	at org.apache.lucene.util.automaton.Automaton.initTransition(Automaton.java:479)
	at org.apache.lucene.util.automaton.Operations.topoSortStatesRecurse(Operations.java:1301)
	at org.apache.lucene.util.automaton.Operations.topoSortStatesRecurse(Operations.java:1306)
	at org.apache.lucene.util.automaton.Operations.topoSortStatesRecurse(Operations.java:1306)
	at org.apache.lucene.util.automaton.Operations.topoSortStatesRecurse(Operations.java:1306)
	at org.apache.lucene.util.automaton.Operations.topoSortStatesRecurse(Operations.java:1306)
	at org.apache.lucene.util.automaton.Operations.topoSortStatesRecurse(Operations.java:1306)
	at org.apache.lucene.util.automaton.Operations.topoSortStatesRecurse(Operations.java:1306)
	at org.apache.lucene.util.automaton.Operations.topoSortStatesRecurse(Operations.java:1306)
	at org.apache.lucene.util.automaton.Operations.topoSortStatesRecurse(Operations.java:1306)
	at org.apache.lucene.util.automaton.Operations.topoSortStatesRecurse(Operations.java:1306)
	at org.apache.lucene.util.automaton.Operations.topoSortStatesRecurse(Operations.java:1306)
	at org.apache.lucene.util.automaton.Operations.topoSortStatesRecurse(Operations.java:1306)
	at org.apache.lucene.util.automaton.Operations.topoSortStatesRecurse(Operations.java:1306)
	at org.apache.lucene.util.automaton.Operations.topoSortStatesRecurse(Operations.java:1306)
	at org.apache.lucene.util.automaton.Operations.topoSortStatesRecurse(Operations.java:1306)
	at org.apache.lucene.util.automaton.Operations.topoSortStatesRecurse(Operations.java:1306)
	at org.apache.lucene.util.automaton.Operations.topoSortStatesRecurse(Operations.java:1306)
	at org.apache.lucene.util.automaton.Operations.topoSortStatesRecurse(Operations.java:1306)
	at org.apache.lucene.util.automaton.Operations.topoSortStatesRecurse(Operations.java:1306)
	at org.apache.lucene.util.automaton.Operations.topoSortStatesRecurse(Operations.java:1306)
	at org.apache.lucene.util.automaton.Operations.topoSortStatesRecurse(Operations.java:1306)
	at org.apache.lucene.util.automaton.Operations.topoSortStatesRecurse(Operations.java:1306)
	at org.apache.lucene.util.automaton.Operations.topoSortStatesRecurse(Operations.java:1306)
	at org.apache.lucene.util.automaton.Operations.topoSortStatesRecurse(Operations.java:1306)
	at org.apache.lucene.util.automaton.Operations.topoSortStatesRecurse(Operations.java:1306)
	at org.apache.lucene.util.automaton.Operations.topoSortStatesRecurse(Operations.java:1306)
	at org.apache.lucene.util.automaton.Operations.topoSortStatesRecurse(Operations.java:1306)
	at org.apache.lucene.util.automaton.Operations.topoSortStatesRecurse(Operations.java:1306)
	at org.apache.lucene.util.automaton.Operations.topoSortStatesRecurse(Operations.java:1306)
	at org.apache.lucene.util.automaton.Operations.topoSortStatesRecurse(Operations.java:1306)
	at org.apache.lucene.util.automaton.Operations.topoSortStatesRecurse(Operations.java:1306)
	at org.apache.lucene.util.automaton.Operations.topoSortStatesRecurse(Operations.java:1306)
	at org.apache.lucene.util.automaton.Operations.topoSortStatesRecurse(Operations.java:1306)
	at org.apache.lucene.util.automaton.Operations.topoSortStatesRecurse(Operations.java:1306)
	at org.apache.lucene.util.automaton.Operations.topoSortStatesRecurse(Operations.java:1306)
	at org.apache.lucene.util.automaton.Operations.topoSortStatesRecurse(Operations.java:1306)
	at org.apache.lucene.util.automaton.Operations.topoSortStatesRecurse(Operations.java:1306)
	at org.apache.lucene.util.automaton.Operations.topoSortStatesRecurse(Operations.java:1306)
	at org.apache.lucene.util.automaton.Operations.topoSortStatesRecurse(Operations.java:1306)
	at org.apache.lucene.util.automaton.Operations.topoSortStatesRecurse(Operations.java:1306)
	at org.apache.lucene.util.automaton.Operations.topoSortStatesRecurse(Operations.java:1306)
	at org.apache.lucene.util.automaton.Operations.topoSortStatesRecurse(Operations.java:1306)
	at org.apache.lucene.util.automaton.Operations.topoSortStatesRecurse(Operations.java:1306)
	at org.apache.lucene.util.automaton.Operations.topoSortStatesRecurse(Operations.java:1306)
	at org.apache.lucene.util.automaton.Operations.topoSortStatesRecurse(Operations.java:1306)
	at org.apache.lucene.util.automaton.Operations.topoSortStatesRecurse(Operations.java:1306)
	at org.apache.lucene.util.automaton.Operations.topoSortStatesRecurse(Operations.java:1306)
	at org.apache.lucene.util.automaton.Operations.topoSortStatesRecurse(Operations.java:1306)
	at org.apache.lucene.util.automaton.Operations.topoSortStatesRecurse(Operations.java:1306)
	at org.apache.lucene.util.automaton.Operations.topoSortStatesRecurse(Operations.java:1306)
	at org.apache.lucene.util.automaton.Operations.topoSortStatesRecurse(Operations.java:1306)
	at org.apache.lucene.util.automaton.Operations.topoSortStatesRecurse(Operations.java:1306)
	at org.apache.lucene.util.automaton.Operations.topoSortStatesRecurse(Operations.java:1306)
	at org.apache.lucene.util.automaton.Operations.topoSortStatesRecurse(Operations.java:1306)
	at org.apache.lucene.util.automaton.Operations.topoSortStatesRecurse(Operations.java:1306)
	at org.apache.lucene.util.automaton.Operations.topoSortStatesRecurse(Operations.java:1306)
	at org.apache.lucene.util.automaton.Operations.topoSortStatesRecurse(Operations.java:1306)
	at org.apache.lucene.util.automaton.Operations.topoSortStatesRecurse(Operations.java:1306)
	at org.apache.lucene.util.automaton.Operations.topoSortStatesRecurse(Operations.java:1306)
	at org.apache.lucene.util.automaton.Operations.topoSortStatesRecurse(Operations.java:1306)
	at org.apache.lucene.util.automaton.Operations.topoSortStatesRecurse(Operations.java:1306)
	at org.apache.lucene.util.automaton.Operations.topoSortStatesRecurse(Operations.java:1306)
	at org.apache.lucene.util.automaton.Operations.topoSortStatesRecurse(Operations.java:1306)
	at org.apache.lucene.util.automaton.Operations.topoSortStatesRecurse(Operations.java:1306)
	at org.apache.lucene.util.automaton.Operations.topoSortStatesRecurse(Operations.java:1306)
	at org.apache.lucene.util.automaton.Operations.topoSortStatesRecurse(Operations.java:1306)
	at org.apache.lucene.util.automaton.Operations.topoSortStatesRecurse(Operations.java:1306)
	at org.apache.lucene.util.automaton.Operations.topoSortStatesRecurse(Operations.java:1306)
	at org.apache.lucene.util.automaton.Operations.topoSortStatesRecurse(Operations.java:1306)
	at org.apache.lucene.util.automaton.Operations.topoSortStatesRecurse(Operations.java:1306)
	at org.apache.lucene.util.automaton.Operations.topoSortStatesRecurse(Operations.java:1306)
	at org.apache.lucene.util.automaton.Operations.topoSortStatesRecurse(Operations.java:1306)
	at org.apache.lucene.util.automaton.Operations.topoSortStatesRecurse(Operations.java:1306)
	at org.apache.lucene.util.automaton.Operations.topoSortStatesRecurse(Operations.java:1306)
	at org.apache.lucene.util.automaton.Operations.topoSortStatesRecurse(Operations.java:1306)
	at org.apache.lucene.util.automaton.Operations.topoSortStatesRecurse(Operations.java:1306)
	at org.apache.lucene.util.automaton.Operations.topoSortStatesRecurse(Operations.java:1306)
	at org.apache.lucene.util.automaton.Operations.topoSortStatesRecurse(Operations.java:1306)
	at org.apache.lucene.util.automaton.Operations.topoSortStatesRecurse(Operations.java:1306)
	at org.apache.lucene.util.automaton.Operations.topoSortStatesRecurse(Operations.java:1306)
	at org.apache.lucene.util.automaton.Operations.topoSortStatesRecurse(Operations.java:1306)
	at org.apache.lucene.util.automaton.Operations.topoSortStatesRecurse(Operations.java:1306)
	at org.apache.lucene.util.automaton.Operations.topoSortStatesRecurse(Operations.java:1306)
	at org.apache.lucene.util.automaton.Operations.topoSortStatesRecurse(Operations.java:1306)
	at org.apache.lucene.util.automaton.Operations.topoSortStatesRecurse(Operations.java:1306)
	at org.apache.lucene.util.automaton.Operations.topoSortStatesRecurse(Operations.java:1306)
	at org.apache.lucene.util.automaton.Operations.topoSortStatesRecurse(Operations.java:1306)
	at org.apache.lucene.util.automaton.Operations.topoSortStatesRecurse(Operations.java:1306)
	at org.apache.lucene.util.automaton.Operations.topoSortStatesRecurse(Operations.java:1306)
	at org.apache.lucene.util.automaton.Operations.topoSortStatesRecurse(Operations.java:1306)
	at org.apache.lucene.util.automaton.Operations.topoSortStatesRecurse(Operations.java:1306)
	at org.apache.lucene.util.automaton.Operations.topoSortStatesRecurse(Operations.java:1306)
	at org.apache.lucene.util.automaton.Operations.topoSortStatesRecurse(Operations.java:1306)
	at org.apache.lucene.util.automaton.Operations.topoSortStatesRecurse(Operations.java:1306)
	at org.apache.lucene.util.automaton.Operations.topoSortStatesRecurse(Operations.java:1306)
	at org.apache.lucene.util.automaton.Operations.topoSortStatesRecurse(Operations.java:1306)
	at org.apache.lucene.util.automaton.Operations.topoSortStatesRecurse(Operations.java:1306)
	at org.apache.lucene.util.automaton.Operations.topoSortStatesRecurse(Operations.java:1306)
	at org.apache.lucene.util.automaton.Operations.topoSortStatesRecurse(Operations.java:1306)
	at org.apache.lucene.util.automaton.Operations.topoSortStatesRecurse(Operations.java:1306)
	at org.apache.lucene.util.automaton.Operations.topoSortStatesRecurse(Operations.java:1306)
	at org.apache.lucene.util.automaton.Operations.topoSortStatesRecurse(Operations.java:1306)
	at org.apache.lucene.util.automaton.Operations.topoSortStatesRecurse(Operations.java:1306)
	at org.apache.lucene.util.automaton.Operations.topoSortStatesRecurse(Operations.java:1306)
	at org.apache.lucene.util.automaton.Operations.topoSortStatesRecurse(Operations.java:1306)
	at org.apache.lucene.util.automaton.Operations.topoSortStatesRecurse(Operations.java:1306)
	at org.apache.lucene.util.automaton.Operations.topoSortStatesRecurse(Operations.java:1306)
	at org.apache.lucene.util.automaton.Operations.topoSortStatesRecurse(Operations.java:1306)
	at org.apache.lucene.util.automaton.Operations.topoSortSt...
2020-07-10 12:24:44.861 INFO  (searcherExecutor-10-thread-1-processing-x:blacklight-core) [   x:blacklight-core] o.a.s.c.SolrCore [blacklight-core] Registered new searcher Searcher@5ee3ab31[blacklight-core] main{ExitableDirectoryReader(UninvertingDirectoryReader(Uninverting(_4(8.5.2):C1:[diagnostics={java.vendor=Oracle Corporation, os=Linux, java.version=11.0.7, java.vm.version=11.0.7+10, lucene.version=8.5.2, os.arch=amd64, java.runtime.version=11.0.7+10, source=flush, os.version=4.19.0-9-amd64, timestamp=1594225695000}]:[attributes={Lucene50StoredFieldsFormat.mode=BEST_SPEED}]) Uninverting(_6(8.5.2):C1:[diagnostics={java.vendor=Oracle Corporation, os=Linux, java.version=11.0.7, java.vm.version=11.0.7+10, lucene.version=8.5.2, os.arch=amd64, java.runtime.version=11.0.7+10, source=flush, os.version=4.19.0-9-amd64, timestamp=1594225758618}]:[attributes={Lucene50StoredFieldsFormat.mode=BEST_SPEED}]) Uninverting(_8(8.5.2):C1:[diagnostics={java.vendor=Oracle Corporation, os=Linux, java.version=11.0.7, java.vm.version=11.0.7+10, lucene.version=8.5.2, os.arch=amd64, java.runtime.version=11.0.7+10, source=flush, os.version=4.19.0-9-amd64, timestamp=1594235509064}]:[attributes={Lucene50StoredFieldsFormat.mode=BEST_SPEED}]) Uninverting(_a(8.5.2):C1:[diagnostics={java.vendor=Oracle Corporation, os=Linux, java.version=11.0.7, java.vm.version=11.0.7+10, lucene.version=8.5.2, os.arch=amd64, java.runtime.version=11.0.7+10, source=flush, os.version=4.19.0-9-amd64, timestamp=1594380081495}]:[attributes={Lucene50StoredFieldsFormat.mode=BEST_SPEED}]) Uninverting(_c(8.5.2):C1:[diagnostics={java.vendor=Oracle Corporation, os=Linux, java.version=11.0.7, java.vm.version=11.0.7+10, lucene.version=8.5.2, os.arch=amd64, java.runtime.version=11.0.7+10, source=flush, os.version=4.19.0-9-amd64, timestamp=1594381381142}]:[attributes={Lucene50StoredFieldsFormat.mode=BEST_SPEED}])))}
2020-07-10 12:24:55.271 INFO  (qtp1731217984-21) [   ] o.a.s.s.HttpSolrCall [admin] webapp=null path=/admin/cores params={indexInfo=false&wt=json&_=1594381590970} status=0 QTime=4
2020-07-10 12:24:55.284 INFO  (qtp1731217984-23) [   ] o.a.s.s.HttpSolrCall [admin] webapp=null path=/admin/info/system params={wt=json&_=1594381590971} status=0 QTime=17
2020-07-10 12:24:55.326 INFO  (qtp1731217984-15) [   ] o.a.s.s.HttpSolrCall [admin] webapp=null path=/admin/info/system params={wt=json&_=1594381590971} status=0 QTime=8
2020-07-10 12:24:58.415 INFO  (qtp1731217984-22) [   ] o.a.s.s.HttpSolrCall [admin] webapp=null path=/admin/cores params={indexInfo=false&wt=json&_=1594381590970} status=0 QTime=0
2020-07-10 12:24:58.436 INFO  (qtp1731217984-15) [   x:blacklight-core] o.a.s.c.PluginBag Going to create a new requestHandler with {type = requestHandler,name = /replication,class = solr.ReplicationHandler,attributes = {startup=lazy, name=/replication, class=solr.ReplicationHandler},} 
2020-07-10 12:24:58.437 INFO  (qtp1731217984-15) [   x:blacklight-core] o.a.s.h.ReplicationHandler Commits will be reserved for 10000ms.
2020-07-10 12:24:58.451 INFO  (qtp1731217984-22) [   ] o.a.s.s.HttpSolrCall [admin] webapp=null path=/admin/info/system params={wt=json&_=1594381590971} status=0 QTime=23
2020-07-10 12:24:58.456 INFO  (qtp1731217984-20) [   x:blacklight-core] o.a.s.c.S.Request [blacklight-core]  webapp=/solr path=/admin/system params={wt=json&_=1594381591089} status=0 QTime=30
2020-07-10 12:24:58.457 INFO  (qtp1731217984-16) [   x:blacklight-core] o.a.s.c.S.Request [blacklight-core]  webapp=/solr path=/admin/ping params={action=status&wt=json&_=1594381590973&ts=1594381590971} status=503 QTime=31
2020-07-10 12:24:58.459 INFO  (qtp1731217984-15) [   x:blacklight-core] o.a.s.c.S.Request [blacklight-core]  webapp=/solr path=/replication params={wt=json&command=details&_=1594381591089} status=0 QTime=22
2020-07-10 12:25:36.534 INFO  (qtp1731217984-24) [   x:blacklight-core] o.a.s.c.S.Request [blacklight-core]  webapp=/solr path=/select params={facet.query=exhibit_rdm_public_bsi:false&facet.field=exhibit_rdm_tags_ssim&qt=search&f.exhibit_rdm_tags_ssim.facet.limit=11&fl=*&fq={!term+f%3Dspotlight_exhibit_slug_rdm_bsi}true&sort=score+desc&rows=10&facet=true&wt=json} hits=4 status=0 QTime=100
2020-07-10 12:30:24.327 INFO  (Thread-0) [   ] o.e.j.s.AbstractConnector Stopped ServerConnector@31e75d13{HTTP/1.1,[http/1.1, h2c]}{0.0.0.0:8983}
2020-07-10 12:30:24.327 INFO  (Thread-0) [   ] o.e.j.s.session node0 Stopped scavenging
2020-07-10 12:30:24.335 INFO  (Thread-0) [   ] o.a.s.c.CoreContainer Shutting down CoreContainer instance=995531141
2020-07-10 12:30:24.339 INFO  (coreCloseExecutor-20-thread-2) [   x:blacklight-core] o.a.s.c.SolrCore [blacklight-core]  CLOSING SolrCore org.apache.solr.core.SolrCore@667fa4e6
2020-07-10 12:30:24.339 INFO  (coreCloseExecutor-20-thread-2) [   x:blacklight-core] o.a.s.m.SolrMetricManager Closing metric reporters for registry=solr.core.blacklight-core, tag=SolrCore@667fa4e6
2020-07-10 12:30:24.341 INFO  (coreCloseExecutor-20-thread-1) [   x:spotlight] o.a.s.c.SolrCore [spotlight]  CLOSING SolrCore org.apache.solr.core.SolrCore@3b2e801d
2020-07-10 12:30:24.342 INFO  (coreCloseExecutor-20-thread-2) [   x:blacklight-core] o.a.s.m.r.SolrJmxReporter Closing reporter [org.apache.solr.metrics.reporters.SolrJmxReporter@6c8f2b11: rootName = null, domain = solr.core.blacklight-core, service url = null, agent id = null] for registry solr.core.blacklight-core / com.codahale.metrics.MetricRegistry@47a92d29
2020-07-10 12:30:24.364 INFO  (coreCloseExecutor-20-thread-1) [   x:spotlight] o.a.s.m.SolrMetricManager Closing metric reporters for registry=solr.core.spotlight, tag=SolrCore@3b2e801d
2020-07-10 12:30:24.365 INFO  (coreCloseExecutor-20-thread-1) [   x:spotlight] o.a.s.m.r.SolrJmxReporter Closing reporter [org.apache.solr.metrics.reporters.SolrJmxReporter@dca685a: rootName = null, domain = solr.core.spotlight, service url = null, agent id = null] for registry solr.core.spotlight / com.codahale.metrics.MetricRegistry@1057d9f6
2020-07-10 12:30:24.384 INFO  (coreCloseExecutor-20-thread-2) [   x:blacklight-core] o.a.s.u.DirectUpdateHandler2 Committing on IndexWriter.close()  ... SKIPPED (unnecessary).
2020-07-10 12:30:24.425 INFO  (coreCloseExecutor-20-thread-1) [   x:spotlight] o.a.s.u.DirectUpdateHandler2 Committing on IndexWriter.close()  ... SKIPPED (unnecessary).
2020-07-10 12:30:24.459 INFO  (Thread-0) [   ] o.a.s.m.SolrMetricManager Closing metric reporters for registry=solr.node, tag=null
2020-07-10 12:30:24.460 INFO  (Thread-0) [   ] o.a.s.m.r.SolrJmxReporter Closing reporter [org.apache.solr.metrics.reporters.SolrJmxReporter@791c12e3: rootName = null, domain = solr.node, service url = null, agent id = null] for registry solr.node / com.codahale.metrics.MetricRegistry@7439383b
2020-07-10 12:30:24.467 INFO  (Thread-0) [   ] o.a.s.m.SolrMetricManager Closing metric reporters for registry=solr.jvm, tag=null
2020-07-10 12:30:24.467 INFO  (Thread-0) [   ] o.a.s.m.r.SolrJmxReporter Closing reporter [org.apache.solr.metrics.reporters.SolrJmxReporter@310aee0b: rootName = null, domain = solr.jvm, service url = null, agent id = null] for registry solr.jvm / com.codahale.metrics.MetricRegistry@71f7d5b0
2020-07-10 12:30:24.474 INFO  (Thread-0) [   ] o.a.s.m.SolrMetricManager Closing metric reporters for registry=solr.jetty, tag=null
2020-07-10 12:30:24.475 INFO  (Thread-0) [   ] o.a.s.m.r.SolrJmxReporter Closing reporter [org.apache.solr.metrics.reporters.SolrJmxReporter@36327cec: rootName = null, domain = solr.jetty, service url = null, agent id = null] for registry solr.jetty / com.codahale.metrics.MetricRegistry@227be777
2020-07-10 12:30:24.506 INFO  (Thread-0) [   ] o.e.j.s.h.ContextHandler Stopped o.e.j.w.WebAppContext@10b892d5{/solr,null,UNAVAILABLE}{/opt/solr-8.5.2/server/solr-webapp/webapp}
